<?xml version="1.0" encoding="UTF-8"?>
<!-- Generated by org.testng.reporters.JUnitReportReporter -->
<testsuite hostname="DESKTOP-GT80QV6" failures="0" tests="1" name="Tests.Scenario_finalized_for_Automation_test.Automationpractice_tests.NegativeAddToCartScenario" time="31.229" errors="0" timestamp="2021-10-26T09:57:09 IST" skipped="0">
  <testcase classname="Tests.Scenario_finalized_for_Automation_test.Automationpractice_tests.NegativeAddToCartScenario" name="NegativeOrderPlace" time="31.229"/>
  <system-out/>
</testsuite> <!-- Tests.Scenario_finalized_for_Automation_test.Automationpractice_tests.NegativeAddToCartScenario -->
