<?xml version="1.0" encoding="UTF-8"?>
<!-- Generated by org.testng.reporters.JUnitReportReporter -->
<testsuite hostname="DESKTOP-GT80QV6" failures="0" tests="1" name="SeventhQuestion.MyntraClass" time="7.750" errors="0" timestamp="2021-10-18T23:02:36 IST" skipped="0">
  <testcase classname="SeventhQuestion.MyntraClass" name="clockUrl" time="7.750"/>
  <system-out/>
</testsuite> <!-- SeventhQuestion.MyntraClass -->
