<?xml version="1.0" encoding="UTF-8"?>
<!-- Generated by org.testng.reporters.JUnitReportReporter -->
<testsuite hostname="DESKTOP-GT80QV6" failures="0" tests="1" name="SixQuestion.NewWindow" time="7.371" errors="0" timestamp="2021-10-18T22:50:26 IST" skipped="0">
  <testcase classname="SixQuestion.NewWindow" name="handleMultipleWindow" time="7.371"/>
  <system-out/>
</testsuite> <!-- SixQuestion.NewWindow -->
