<?xml version="1.0" encoding="UTF-8"?>
<!-- Generated by org.testng.reporters.JUnitReportReporter -->
<testsuite hostname="DESKTOP-GT80QV6" failures="0" tests="1" name="QuestionThree.Waits" time="11.486" errors="0" timestamp="2021-10-18T19:53:51 IST" skipped="0">
  <testcase classname="QuestionThree.Waits" name="testMethod" time="11.486"/>
  <system-out/>
</testsuite> <!-- QuestionThree.Waits -->
