<?xml version="1.0" encoding="UTF-8"?>
<!-- Generated by org.testng.reporters.JUnitReportReporter -->
<testsuite hostname="DESKTOP-GT80QV6" failures="0" tests="4" name="firstQuestion.AlertHandle" time="33.907" errors="0" timestamp="2021-10-18T20:53:03 IST" skipped="0">
  <testcase classname="firstQuestion.AlertHandle" name="test1" time="8.418"/>
  <system-out/>
  <testcase classname="firstQuestion.AlertHandle" name="test3" time="7.725"/>
  <system-out/>
  <testcase classname="firstQuestion.AlertHandle" name="test2" time="7.714"/>
  <system-out/>
  <testcase classname="firstQuestion.AlertHandle" name="test4" time="10.050"/>
  <system-out/>
</testsuite> <!-- firstQuestion.AlertHandle -->
