<?xml version="1.0" encoding="UTF-8"?>
<!-- Generated by org.testng.reporters.JUnitReportReporter -->
<testsuite hostname="DESKTOP-GT80QV6" failures="0" tests="1" name="secondQuestion.DropDown" time="5.734" errors="0" timestamp="2021-10-18T19:41:54 IST" skipped="0">
  <testcase classname="secondQuestion.DropDown" name="test3" time="5.734"/>
  <system-out/>
</testsuite> <!-- secondQuestion.DropDown -->
