<?xml version="1.0" encoding="UTF-8"?>
<!-- Generated by org.testng.reporters.JUnitReportReporter -->
<testsuite hostname="DESKTOP-GT80QV6" failures="0" tests="1" name="FourthQuestion.Iframe" time="6.435" errors="0" timestamp="2021-10-18T22:37:04 IST" skipped="0">
  <testcase classname="FourthQuestion.Iframe" name="testMethod" time="6.435"/>
  <system-out/>
</testsuite> <!-- FourthQuestion.Iframe -->
