<?xml version="1.0" encoding="UTF-8"?>
<!-- Generated by org.testng.reporters.JUnitReportReporter -->
<testsuite hostname="DESKTOP-GT80QV6" failures="0" tests="3" name="Test_BeforeTestAndBeforeMethod" time="0.007" errors="0" timestamp="2021-10-17T15:12:00 IST" skipped="0">
  <testcase classname="Test_BeforeTestAndBeforeMethod" name="testCDemo" time="0.001"/>
  <system-out/>
  <testcase classname="Test_BeforeTestAndBeforeMethod" name="testADemo" time="0.004"/>
  <system-out/>
  <testcase classname="Test_BeforeTestAndBeforeMethod" name="testBDemo" time="0.002"/>
  <system-out/>
</testsuite> <!-- Test_BeforeTestAndBeforeMethod -->
