<?xml version="1.0" encoding="UTF-8"?>
<!-- Generated by org.testng.reporters.JUnitReportReporter -->
<testsuite hostname="DESKTOP-GT80QV6" failures="0" tests="1" name="AutomationPractice" time="11.570" errors="0" timestamp="2021-10-17T22:49:25 IST" skipped="0">
  <testcase classname="AutomationPractice" name="RegisterUser" time="11.570"/>
  <system-out/>
</testsuite> <!-- AutomationPractice -->
