<?xml version="1.0" encoding="UTF-8"?>
<!-- Generated by org.testng.reporters.JUnitReportReporter -->
<testsuite hostname="DESKTOP-GT80QV6" failures="0" tests="1" name="GoogleDemo" time="7.757" errors="0" timestamp="2021-10-17T15:11:57 IST" skipped="0">
  <testcase classname="GoogleDemo" name="TestForGoogle" time="7.757"/>
  <system-out/>
</testsuite> <!-- GoogleDemo -->
