<?xml version="1.0" encoding="UTF-8"?>
<!-- Generated by org.testng.reporters.JUnitReportReporter -->
<testsuite hostname="DESKTOP-GT80QV6" failures="0" tests="1" name="AutomationPracticeReg" time="15.508" errors="0" timestamp="2021-10-17T22:53:19 IST" skipped="0">
  <testcase classname="AutomationPracticeReg" name="VerifyRegistrationPage" time="15.508"/>
  <system-out/>
</testsuite> <!-- AutomationPracticeReg -->
