<?xml version="1.0" encoding="UTF-8"?>
<!-- Generated by org.testng.reporters.JUnitReportReporter -->
<testsuite hostname="DESKTOP-GT80QV6" failures="0" tests="1" name="DemoTest" time="5.424" errors="0" timestamp="2021-10-14T14:05:00 IST" skipped="0">
  <testcase classname="DemoTest" name="TestForGoogle" time="5.424"/>
  <system-out/>
</testsuite> <!-- DemoTest -->
