<?xml version="1.0" encoding="UTF-8"?>
<!-- Generated by org.testng.reporters.JUnitReportReporter -->
<testsuite hostname="DESKTOP-GT80QV6" failures="0" tests="1" name="ToTheNew" time="12.248" errors="0" timestamp="2021-10-14T18:00:06 IST" skipped="0">
  <testcase classname="ToTheNew" name="TestToTheNew" time="12.248"/>
  <system-out/>
</testsuite> <!-- ToTheNew -->
