<?xml version="1.0" encoding="UTF-8"?>
<!-- Generated by org.testng.reporters.JUnitReportReporter -->
<testsuite hostname="DESKTOP-GT80QV6" failures="0" tests="3" name="QuestionFour.Annotations" time="0.010" errors="0" timestamp="2021-10-19T22:24:38 IST" skipped="0">
  <testcase classname="QuestionFour.Annotations" name="testADemo" time="0.004"/>
  <system-out/>
  <testcase classname="QuestionFour.Annotations" name="testBDemo" time="0.003"/>
  <system-out/>
  <testcase classname="QuestionFour.Annotations" name="testCDemo" time="0.003"/>
  <system-out/>
</testsuite> <!-- QuestionFour.Annotations -->
