<?xml version="1.0" encoding="UTF-8"?>
<!-- Generated by org.testng.reporters.JUnitReportReporter -->
<testsuite hostname="DESKTOP-GT80QV6" failures="0" tests="1" name="questionOne.GetSalary" time="3.893" errors="0" timestamp="2021-10-19T22:20:27 IST" skipped="0">
  <testcase classname="questionOne.GetSalary" name="testMethod" time="3.893"/>
  <system-out/>
</testsuite> <!-- questionOne.GetSalary -->
