<?xml version="1.0" encoding="UTF-8"?>
<!-- Generated by org.testng.reporters.JUnitReportReporter -->
<testsuite hostname="DESKTOP-GT80QV6" failures="0" tests="1" name="QuestionTwo.RegistrationPage" time="18.863" errors="0" timestamp="2021-10-20T13:01:35 IST" skipped="0">
  <testcase classname="QuestionTwo.RegistrationPage" name="testMethod" time="18.863"/>
  <system-out/>
</testsuite> <!-- QuestionTwo.RegistrationPage -->
